2014/06/17 05:57:00 INFO  - jmeter.util.JMeterUtils: Setting Locale to en_US 
2014/06/17 05:57:00 INFO  - jmeter.JMeter: Copyright (c) 1998-2009 The Apache Software Foundation 
2014/06/17 05:57:00 INFO  - jmeter.JMeter: Version 2.3.4 
2014/06/17 05:57:00 INFO  - jmeter.JMeter: java.version=1.7.0_60 
2014/06/17 05:57:00 INFO  - jmeter.JMeter: java.vm.name=Java HotSpot(TM) Client VM 
2014/06/17 05:57:00 INFO  - jmeter.JMeter: os.name=Linux 
2014/06/17 05:57:00 INFO  - jmeter.JMeter: os.arch=i386 
2014/06/17 05:57:00 INFO  - jmeter.JMeter: os.version=3.2.0-24-generic-pae 
2014/06/17 05:57:00 INFO  - jmeter.JMeter: file.encoding=UTF-8 
2014/06/17 05:57:00 INFO  - jmeter.JMeter: Default Locale=English (United States) 
2014/06/17 05:57:00 INFO  - jmeter.JMeter: JMeter  Locale=English (United States) 
2014/06/17 05:57:00 INFO  - jmeter.JMeter: JMeterHome=/usr/share/jmeter 
2014/06/17 05:57:00 INFO  - jmeter.JMeter: user.dir  =/home/ubuntu/Documents/Facultad/PROTOS/TPEPROTOS 
2014/06/17 05:57:00 INFO  - jmeter.JMeter: PWD       =/home/ubuntu/Documents/Facultad/PROTOS/TPEPROTOS 
2014/06/17 05:57:00 INFO  - jmeter.JMeter: IP: 127.0.1.1 Name: ubuntu-VirtualBox FullName: ubuntu-VirtualBox 
2014/06/17 05:57:00 INFO  - jmeter.JMeter: Loaded icon properties from org/apache/jmeter/images/icon.properties 
2014/06/17 05:57:05 INFO  - jmeter.util.BSFTestElement: Registering JMeter version of JavaScript engine as work-round for BSF-22 
2014/06/17 05:57:06 INFO  - jmeter.protocol.http.sampler.HTTPSamplerBase: No response parsers defined: text/html only will be scanned for embedded resources 
2014/06/17 05:57:07 INFO  - jmeter.protocol.http.sampler.HTTPSampler: Maximum connection retries = 10 
2014/06/17 05:57:07 INFO  - jmeter.protocol.http.sampler.HTTPSampler: Connection and read timeouts are available on this JVM 
2014/06/17 05:57:08 INFO  - jmeter.samplers.SampleResult: Note: Sample TimeStamps are END times 
2014/06/17 05:57:08 INFO  - jmeter.samplers.SampleResult: sampleresult.default.encoding is set to ISO-8859-1 
2014/06/17 06:05:12 INFO  - jmeter.services.FileServer: Default base=/home/ubuntu/Documents/Facultad/PROTOS/TPEPROTOS 
2014/06/17 06:05:12 INFO  - jmeter.services.FileServer: Set new base=/home/ubuntu/Documents/Facultad/PROTOS/TPEPROTOS/Throughput 
2014/06/17 06:05:12 INFO  - jmeter.save.SaveService: Testplan (JMX) version: 2.2. Testlog (JTL) version: 2.2 
2014/06/17 06:05:12 INFO  - jmeter.save.SaveService: Using SaveService properties file encoding UTF-8 
2014/06/17 06:05:12 INFO  - jmeter.save.SaveService: Using SaveService properties file version 697317 
2014/06/17 06:05:12 INFO  - jmeter.save.SaveService: Using SaveService properties version 2.1 
2014/06/17 06:05:12 INFO  - jmeter.save.SaveService: All converter versions present and correct 
2014/06/17 06:05:12 INFO  - jmeter.engine.StandardJMeterEngine: Listeners will be started after enabling running version 
2014/06/17 06:05:12 INFO  - jmeter.engine.StandardJMeterEngine: To revert to the earlier behaviour, define jmeterengine.startlistenerslater=false 
2014/06/17 06:05:12 INFO  - jmeter.engine.StandardJMeterEngine: Running the test! 
2014/06/17 06:05:12 INFO  - jmeter.gui.util.JMeterMenuBar: setRunning(true,*local*) 
2014/06/17 06:05:13 INFO  - jmeter.engine.StandardJMeterEngine: Starting 2 threads for group Thread Group. Ramp up = 1. 
2014/06/17 06:05:13 INFO  - jmeter.engine.StandardJMeterEngine: Thread will continue on error 
2014/06/17 06:05:13 INFO  - jmeter.threads.JMeterThread: jmeterthread.startearlier=true (see jmeter.properties) 
2014/06/17 06:05:13 INFO  - jmeter.threads.JMeterThread: Running PostProcessors in forward order 
2014/06/17 06:05:13 INFO  - jmeter.engine.StandardJMeterEngine: All threads have been started 
2014/06/17 06:05:13 INFO  - jmeter.threads.JMeterThread: Thread started: Thread Group 1-1 
2014/06/17 06:05:13 ERROR - jmeter.protocol.http.sampler.AccessLogSampler: No log file specified 
2014/06/17 06:05:13 WARN  - jmeter.protocol.http.sampler.AccessLogSampler: Sampling failure org.apache.jorphan.util.JMeterException: No Parser available
	at org.apache.jmeter.protocol.http.sampler.AccessLogSampler.sampleWithParser(AccessLogSampler.java:132)
	at org.apache.jmeter.protocol.http.sampler.AccessLogSampler.sample(AccessLogSampler.java:182)
	at org.apache.jmeter.threads.JMeterThread.process_sampler(JMeterThread.java:346)
	at org.apache.jmeter.threads.JMeterThread.run(JMeterThread.java:243)
	at java.lang.Thread.run(Thread.java:745)

2014/06/17 06:05:13 ERROR - jmeter.protocol.http.sampler.AccessLogSampler: No log file specified 
2014/06/17 06:05:13 WARN  - jmeter.protocol.http.sampler.AccessLogSampler: Sampling failure org.apache.jorphan.util.JMeterException: No Parser available
	at org.apache.jmeter.protocol.http.sampler.AccessLogSampler.sampleWithParser(AccessLogSampler.java:132)
	at org.apache.jmeter.protocol.http.sampler.AccessLogSampler.sample(AccessLogSampler.java:182)
	at org.apache.jmeter.threads.JMeterThread.process_sampler(JMeterThread.java:346)
	at org.apache.jmeter.threads.JMeterThread.run(JMeterThread.java:243)
	at java.lang.Thread.run(Thread.java:745)

2014/06/17 06:05:13 ERROR - jmeter.protocol.http.sampler.AccessLogSampler: No log file specified 
2014/06/17 06:05:13 WARN  - jmeter.protocol.http.sampler.AccessLogSampler: Sampling failure org.apache.jorphan.util.JMeterException: No Parser available
	at org.apache.jmeter.protocol.http.sampler.AccessLogSampler.sampleWithParser(AccessLogSampler.java:132)
	at org.apache.jmeter.protocol.http.sampler.AccessLogSampler.sample(AccessLogSampler.java:182)
	at org.apache.jmeter.threads.JMeterThread.process_sampler(JMeterThread.java:346)
	at org.apache.jmeter.threads.JMeterThread.run(JMeterThread.java:243)
	at java.lang.Thread.run(Thread.java:745)

2014/06/17 06:05:13 INFO  - jmeter.threads.JMeterThread: Thread finished: Thread Group 1-1 
2014/06/17 06:05:13 INFO  - jmeter.engine.StandardJMeterEngine: Ending thread Thread Group 1-1 
2014/06/17 06:05:13 INFO  - jmeter.threads.JMeterThread: Thread started: Thread Group 1-2 
2014/06/17 06:05:13 ERROR - jmeter.protocol.http.sampler.AccessLogSampler: No log file specified 
2014/06/17 06:05:13 WARN  - jmeter.protocol.http.sampler.AccessLogSampler: Sampling failure org.apache.jorphan.util.JMeterException: No Parser available
	at org.apache.jmeter.protocol.http.sampler.AccessLogSampler.sampleWithParser(AccessLogSampler.java:132)
	at org.apache.jmeter.protocol.http.sampler.AccessLogSampler.sample(AccessLogSampler.java:182)
	at org.apache.jmeter.threads.JMeterThread.process_sampler(JMeterThread.java:346)
	at org.apache.jmeter.threads.JMeterThread.run(JMeterThread.java:243)
	at java.lang.Thread.run(Thread.java:745)

2014/06/17 06:05:13 ERROR - jmeter.protocol.http.sampler.AccessLogSampler: No log file specified 
2014/06/17 06:05:13 WARN  - jmeter.protocol.http.sampler.AccessLogSampler: Sampling failure org.apache.jorphan.util.JMeterException: No Parser available
	at org.apache.jmeter.protocol.http.sampler.AccessLogSampler.sampleWithParser(AccessLogSampler.java:132)
	at org.apache.jmeter.protocol.http.sampler.AccessLogSampler.sample(AccessLogSampler.java:182)
	at org.apache.jmeter.threads.JMeterThread.process_sampler(JMeterThread.java:346)
	at org.apache.jmeter.threads.JMeterThread.run(JMeterThread.java:243)
	at java.lang.Thread.run(Thread.java:745)

2014/06/17 06:05:13 ERROR - jmeter.protocol.http.sampler.AccessLogSampler: No log file specified 
2014/06/17 06:05:13 WARN  - jmeter.protocol.http.sampler.AccessLogSampler: Sampling failure org.apache.jorphan.util.JMeterException: No Parser available
	at org.apache.jmeter.protocol.http.sampler.AccessLogSampler.sampleWithParser(AccessLogSampler.java:132)
	at org.apache.jmeter.protocol.http.sampler.AccessLogSampler.sample(AccessLogSampler.java:182)
	at org.apache.jmeter.threads.JMeterThread.process_sampler(JMeterThread.java:346)
	at org.apache.jmeter.threads.JMeterThread.run(JMeterThread.java:243)
	at java.lang.Thread.run(Thread.java:745)

2014/06/17 06:05:13 INFO  - jmeter.threads.JMeterThread: Thread finished: Thread Group 1-2 
2014/06/17 06:05:13 INFO  - jmeter.engine.StandardJMeterEngine: Ending thread Thread Group 1-2 
2014/06/17 06:05:13 INFO  - jmeter.engine.StandardJMeterEngine: Stopping test 
2014/06/17 06:05:13 INFO  - jmeter.engine.StandardJMeterEngine: Notifying test listeners of end of test 
2014/06/17 06:05:13 INFO  - jmeter.gui.util.JMeterMenuBar: setRunning(false,*local*) 
2014/06/17 06:05:13 INFO  - jmeter.engine.StandardJMeterEngine: Test has ended 
2014/06/17 06:05:20 INFO  - jmeter.engine.StandardJMeterEngine: Running the test! 
2014/06/17 06:05:20 INFO  - jmeter.gui.util.JMeterMenuBar: setRunning(true,*local*) 
2014/06/17 06:05:20 INFO  - jmeter.engine.StandardJMeterEngine: Starting 2 threads for group Thread Group. Ramp up = 1. 
2014/06/17 06:05:20 INFO  - jmeter.engine.StandardJMeterEngine: Thread will continue on error 
2014/06/17 06:05:20 INFO  - jmeter.engine.StandardJMeterEngine: All threads have been started 
2014/06/17 06:05:20 INFO  - jmeter.threads.JMeterThread: Thread started: Thread Group 1-1 
2014/06/17 06:05:20 ERROR - jmeter.protocol.http.sampler.AccessLogSampler: No log file specified 
2014/06/17 06:05:20 WARN  - jmeter.protocol.http.sampler.AccessLogSampler: Sampling failure org.apache.jorphan.util.JMeterException: No Parser available
	at org.apache.jmeter.protocol.http.sampler.AccessLogSampler.sampleWithParser(AccessLogSampler.java:132)
	at org.apache.jmeter.protocol.http.sampler.AccessLogSampler.sample(AccessLogSampler.java:182)
	at org.apache.jmeter.threads.JMeterThread.process_sampler(JMeterThread.java:346)
	at org.apache.jmeter.threads.JMeterThread.run(JMeterThread.java:243)
	at java.lang.Thread.run(Thread.java:745)

2014/06/17 06:05:20 ERROR - jmeter.protocol.http.sampler.AccessLogSampler: No log file specified 
2014/06/17 06:05:20 WARN  - jmeter.protocol.http.sampler.AccessLogSampler: Sampling failure org.apache.jorphan.util.JMeterException: No Parser available
	at org.apache.jmeter.protocol.http.sampler.AccessLogSampler.sampleWithParser(AccessLogSampler.java:132)
	at org.apache.jmeter.protocol.http.sampler.AccessLogSampler.sample(AccessLogSampler.java:182)
	at org.apache.jmeter.threads.JMeterThread.process_sampler(JMeterThread.java:346)
	at org.apache.jmeter.threads.JMeterThread.run(JMeterThread.java:243)
	at java.lang.Thread.run(Thread.java:745)

2014/06/17 06:05:20 ERROR - jmeter.protocol.http.sampler.AccessLogSampler: No log file specified 
2014/06/17 06:05:20 WARN  - jmeter.protocol.http.sampler.AccessLogSampler: Sampling failure org.apache.jorphan.util.JMeterException: No Parser available
	at org.apache.jmeter.protocol.http.sampler.AccessLogSampler.sampleWithParser(AccessLogSampler.java:132)
	at org.apache.jmeter.protocol.http.sampler.AccessLogSampler.sample(AccessLogSampler.java:182)
	at org.apache.jmeter.threads.JMeterThread.process_sampler(JMeterThread.java:346)
	at org.apache.jmeter.threads.JMeterThread.run(JMeterThread.java:243)
	at java.lang.Thread.run(Thread.java:745)

2014/06/17 06:05:20 INFO  - jmeter.threads.JMeterThread: Thread finished: Thread Group 1-1 
2014/06/17 06:05:20 INFO  - jmeter.engine.StandardJMeterEngine: Ending thread Thread Group 1-1 
2014/06/17 06:05:20 INFO  - jmeter.threads.JMeterThread: Thread started: Thread Group 1-2 
2014/06/17 06:05:20 ERROR - jmeter.protocol.http.sampler.AccessLogSampler: No log file specified 
2014/06/17 06:05:20 WARN  - jmeter.protocol.http.sampler.AccessLogSampler: Sampling failure org.apache.jorphan.util.JMeterException: No Parser available
	at org.apache.jmeter.protocol.http.sampler.AccessLogSampler.sampleWithParser(AccessLogSampler.java:132)
	at org.apache.jmeter.protocol.http.sampler.AccessLogSampler.sample(AccessLogSampler.java:182)
	at org.apache.jmeter.threads.JMeterThread.process_sampler(JMeterThread.java:346)
	at org.apache.jmeter.threads.JMeterThread.run(JMeterThread.java:243)
	at java.lang.Thread.run(Thread.java:745)

2014/06/17 06:05:20 ERROR - jmeter.protocol.http.sampler.AccessLogSampler: No log file specified 
2014/06/17 06:05:20 WARN  - jmeter.protocol.http.sampler.AccessLogSampler: Sampling failure org.apache.jorphan.util.JMeterException: No Parser available
	at org.apache.jmeter.protocol.http.sampler.AccessLogSampler.sampleWithParser(AccessLogSampler.java:132)
	at org.apache.jmeter.protocol.http.sampler.AccessLogSampler.sample(AccessLogSampler.java:182)
	at org.apache.jmeter.threads.JMeterThread.process_sampler(JMeterThread.java:346)
	at org.apache.jmeter.threads.JMeterThread.run(JMeterThread.java:243)
	at java.lang.Thread.run(Thread.java:745)

2014/06/17 06:05:20 ERROR - jmeter.protocol.http.sampler.AccessLogSampler: No log file specified 
2014/06/17 06:05:20 WARN  - jmeter.protocol.http.sampler.AccessLogSampler: Sampling failure org.apache.jorphan.util.JMeterException: No Parser available
	at org.apache.jmeter.protocol.http.sampler.AccessLogSampler.sampleWithParser(AccessLogSampler.java:132)
	at org.apache.jmeter.protocol.http.sampler.AccessLogSampler.sample(AccessLogSampler.java:182)
	at org.apache.jmeter.threads.JMeterThread.process_sampler(JMeterThread.java:346)
	at org.apache.jmeter.threads.JMeterThread.run(JMeterThread.java:243)
	at java.lang.Thread.run(Thread.java:745)

2014/06/17 06:05:20 INFO  - jmeter.threads.JMeterThread: Thread finished: Thread Group 1-2 
2014/06/17 06:05:20 INFO  - jmeter.engine.StandardJMeterEngine: Ending thread Thread Group 1-2 
2014/06/17 06:05:20 INFO  - jmeter.engine.StandardJMeterEngine: Stopping test 
2014/06/17 06:05:20 INFO  - jmeter.engine.StandardJMeterEngine: Notifying test listeners of end of test 
2014/06/17 06:05:20 INFO  - jmeter.gui.util.JMeterMenuBar: setRunning(false,*local*) 
2014/06/17 06:05:20 INFO  - jmeter.engine.StandardJMeterEngine: Test has ended 
2014/06/17 06:05:52 INFO  - jmeter.engine.StandardJMeterEngine: Running the test! 
2014/06/17 06:05:52 INFO  - jmeter.gui.util.JMeterMenuBar: setRunning(true,*local*) 
2014/06/17 06:05:53 INFO  - jmeter.engine.StandardJMeterEngine: Starting 2 threads for group Thread Group. Ramp up = 1. 
2014/06/17 06:05:53 INFO  - jmeter.engine.StandardJMeterEngine: Thread will continue on error 
2014/06/17 06:05:53 INFO  - jmeter.engine.StandardJMeterEngine: All threads have been started 
2014/06/17 06:05:53 INFO  - jmeter.threads.JMeterThread: Thread started: Thread Group 1-1 
2014/06/17 06:05:53 ERROR - jmeter.protocol.http.sampler.AccessLogSampler: No log file specified 
2014/06/17 06:05:53 WARN  - jmeter.protocol.http.sampler.AccessLogSampler: Sampling failure org.apache.jorphan.util.JMeterException: No Parser available
	at org.apache.jmeter.protocol.http.sampler.AccessLogSampler.sampleWithParser(AccessLogSampler.java:132)
	at org.apache.jmeter.protocol.http.sampler.AccessLogSampler.sample(AccessLogSampler.java:182)
	at org.apache.jmeter.threads.JMeterThread.process_sampler(JMeterThread.java:346)
	at org.apache.jmeter.threads.JMeterThread.run(JMeterThread.java:243)
	at java.lang.Thread.run(Thread.java:745)

2014/06/17 06:05:53 ERROR - jmeter.protocol.http.sampler.AccessLogSampler: No log file specified 
2014/06/17 06:05:53 WARN  - jmeter.protocol.http.sampler.AccessLogSampler: Sampling failure org.apache.jorphan.util.JMeterException: No Parser available
	at org.apache.jmeter.protocol.http.sampler.AccessLogSampler.sampleWithParser(AccessLogSampler.java:132)
	at org.apache.jmeter.protocol.http.sampler.AccessLogSampler.sample(AccessLogSampler.java:182)
	at org.apache.jmeter.threads.JMeterThread.process_sampler(JMeterThread.java:346)
	at org.apache.jmeter.threads.JMeterThread.run(JMeterThread.java:243)
	at java.lang.Thread.run(Thread.java:745)

2014/06/17 06:05:53 ERROR - jmeter.protocol.http.sampler.AccessLogSampler: No log file specified 
2014/06/17 06:05:53 WARN  - jmeter.protocol.http.sampler.AccessLogSampler: Sampling failure org.apache.jorphan.util.JMeterException: No Parser available
	at org.apache.jmeter.protocol.http.sampler.AccessLogSampler.sampleWithParser(AccessLogSampler.java:132)
	at org.apache.jmeter.protocol.http.sampler.AccessLogSampler.sample(AccessLogSampler.java:182)
	at org.apache.jmeter.threads.JMeterThread.process_sampler(JMeterThread.java:346)
	at org.apache.jmeter.threads.JMeterThread.run(JMeterThread.java:243)
	at java.lang.Thread.run(Thread.java:745)

2014/06/17 06:05:53 INFO  - jmeter.threads.JMeterThread: Thread finished: Thread Group 1-1 
2014/06/17 06:05:53 INFO  - jmeter.engine.StandardJMeterEngine: Ending thread Thread Group 1-1 
2014/06/17 06:05:53 INFO  - jmeter.threads.JMeterThread: Thread started: Thread Group 1-2 
2014/06/17 06:05:53 ERROR - jmeter.protocol.http.sampler.AccessLogSampler: No log file specified 
2014/06/17 06:05:53 WARN  - jmeter.protocol.http.sampler.AccessLogSampler: Sampling failure org.apache.jorphan.util.JMeterException: No Parser available
	at org.apache.jmeter.protocol.http.sampler.AccessLogSampler.sampleWithParser(AccessLogSampler.java:132)
	at org.apache.jmeter.protocol.http.sampler.AccessLogSampler.sample(AccessLogSampler.java:182)
	at org.apache.jmeter.threads.JMeterThread.process_sampler(JMeterThread.java:346)
	at org.apache.jmeter.threads.JMeterThread.run(JMeterThread.java:243)
	at java.lang.Thread.run(Thread.java:745)

2014/06/17 06:05:53 ERROR - jmeter.protocol.http.sampler.AccessLogSampler: No log file specified 
2014/06/17 06:05:53 WARN  - jmeter.protocol.http.sampler.AccessLogSampler: Sampling failure org.apache.jorphan.util.JMeterException: No Parser available
	at org.apache.jmeter.protocol.http.sampler.AccessLogSampler.sampleWithParser(AccessLogSampler.java:132)
	at org.apache.jmeter.protocol.http.sampler.AccessLogSampler.sample(AccessLogSampler.java:182)
	at org.apache.jmeter.threads.JMeterThread.process_sampler(JMeterThread.java:346)
	at org.apache.jmeter.threads.JMeterThread.run(JMeterThread.java:243)
	at java.lang.Thread.run(Thread.java:745)

2014/06/17 06:05:53 ERROR - jmeter.protocol.http.sampler.AccessLogSampler: No log file specified 
2014/06/17 06:05:53 WARN  - jmeter.protocol.http.sampler.AccessLogSampler: Sampling failure org.apache.jorphan.util.JMeterException: No Parser available
	at org.apache.jmeter.protocol.http.sampler.AccessLogSampler.sampleWithParser(AccessLogSampler.java:132)
	at org.apache.jmeter.protocol.http.sampler.AccessLogSampler.sample(AccessLogSampler.java:182)
	at org.apache.jmeter.threads.JMeterThread.process_sampler(JMeterThread.java:346)
	at org.apache.jmeter.threads.JMeterThread.run(JMeterThread.java:243)
	at java.lang.Thread.run(Thread.java:745)

2014/06/17 06:05:53 INFO  - jmeter.threads.JMeterThread: Thread finished: Thread Group 1-2 
2014/06/17 06:05:53 INFO  - jmeter.engine.StandardJMeterEngine: Ending thread Thread Group 1-2 
2014/06/17 06:05:53 INFO  - jmeter.engine.StandardJMeterEngine: Stopping test 
2014/06/17 06:05:53 INFO  - jmeter.engine.StandardJMeterEngine: Notifying test listeners of end of test 
2014/06/17 06:05:53 INFO  - jmeter.gui.util.JMeterMenuBar: setRunning(false,*local*) 
2014/06/17 06:05:53 INFO  - jmeter.engine.StandardJMeterEngine: Test has ended 
2014/06/17 06:08:29 INFO  - jmeter.engine.StandardJMeterEngine: Running the test! 
2014/06/17 06:08:29 INFO  - jmeter.gui.util.JMeterMenuBar: setRunning(true,*local*) 
2014/06/17 06:08:29 INFO  - jmeter.engine.StandardJMeterEngine: Starting 2 threads for group Thread Group. Ramp up = 1. 
2014/06/17 06:08:29 INFO  - jmeter.engine.StandardJMeterEngine: Thread will continue on error 
2014/06/17 06:08:29 INFO  - jmeter.engine.StandardJMeterEngine: All threads have been started 
2014/06/17 06:08:29 INFO  - jmeter.threads.JMeterThread: Thread started: Thread Group 1-1 
2014/06/17 06:08:29 ERROR - jmeter.protocol.http.sampler.AccessLogSampler: No log file specified 
2014/06/17 06:08:29 WARN  - jmeter.protocol.http.sampler.AccessLogSampler: Sampling failure org.apache.jorphan.util.JMeterException: No Parser available
	at org.apache.jmeter.protocol.http.sampler.AccessLogSampler.sampleWithParser(AccessLogSampler.java:132)
	at org.apache.jmeter.protocol.http.sampler.AccessLogSampler.sample(AccessLogSampler.java:182)
	at org.apache.jmeter.threads.JMeterThread.process_sampler(JMeterThread.java:346)
	at org.apache.jmeter.threads.JMeterThread.run(JMeterThread.java:243)
	at java.lang.Thread.run(Thread.java:745)

2014/06/17 06:08:29 ERROR - jmeter.protocol.http.sampler.AccessLogSampler: No log file specified 
2014/06/17 06:08:29 WARN  - jmeter.protocol.http.sampler.AccessLogSampler: Sampling failure org.apache.jorphan.util.JMeterException: No Parser available
	at org.apache.jmeter.protocol.http.sampler.AccessLogSampler.sampleWithParser(AccessLogSampler.java:132)
	at org.apache.jmeter.protocol.http.sampler.AccessLogSampler.sample(AccessLogSampler.java:182)
	at org.apache.jmeter.threads.JMeterThread.process_sampler(JMeterThread.java:346)
	at org.apache.jmeter.threads.JMeterThread.run(JMeterThread.java:243)
	at java.lang.Thread.run(Thread.java:745)

2014/06/17 06:08:29 ERROR - jmeter.protocol.http.sampler.AccessLogSampler: No log file specified 
2014/06/17 06:08:29 WARN  - jmeter.protocol.http.sampler.AccessLogSampler: Sampling failure org.apache.jorphan.util.JMeterException: No Parser available
	at org.apache.jmeter.protocol.http.sampler.AccessLogSampler.sampleWithParser(AccessLogSampler.java:132)
	at org.apache.jmeter.protocol.http.sampler.AccessLogSampler.sample(AccessLogSampler.java:182)
	at org.apache.jmeter.threads.JMeterThread.process_sampler(JMeterThread.java:346)
	at org.apache.jmeter.threads.JMeterThread.run(JMeterThread.java:243)
	at java.lang.Thread.run(Thread.java:745)

2014/06/17 06:08:29 INFO  - jmeter.threads.JMeterThread: Thread finished: Thread Group 1-1 
2014/06/17 06:08:29 INFO  - jmeter.engine.StandardJMeterEngine: Ending thread Thread Group 1-1 
2014/06/17 06:08:30 INFO  - jmeter.threads.JMeterThread: Thread started: Thread Group 1-2 
2014/06/17 06:08:30 ERROR - jmeter.protocol.http.sampler.AccessLogSampler: No log file specified 
2014/06/17 06:08:30 WARN  - jmeter.protocol.http.sampler.AccessLogSampler: Sampling failure org.apache.jorphan.util.JMeterException: No Parser available
	at org.apache.jmeter.protocol.http.sampler.AccessLogSampler.sampleWithParser(AccessLogSampler.java:132)
	at org.apache.jmeter.protocol.http.sampler.AccessLogSampler.sample(AccessLogSampler.java:182)
	at org.apache.jmeter.threads.JMeterThread.process_sampler(JMeterThread.java:346)
	at org.apache.jmeter.threads.JMeterThread.run(JMeterThread.java:243)
	at java.lang.Thread.run(Thread.java:745)

2014/06/17 06:08:30 ERROR - jmeter.protocol.http.sampler.AccessLogSampler: No log file specified 
2014/06/17 06:08:30 WARN  - jmeter.protocol.http.sampler.AccessLogSampler: Sampling failure org.apache.jorphan.util.JMeterException: No Parser available
	at org.apache.jmeter.protocol.http.sampler.AccessLogSampler.sampleWithParser(AccessLogSampler.java:132)
	at org.apache.jmeter.protocol.http.sampler.AccessLogSampler.sample(AccessLogSampler.java:182)
	at org.apache.jmeter.threads.JMeterThread.process_sampler(JMeterThread.java:346)
	at org.apache.jmeter.threads.JMeterThread.run(JMeterThread.java:243)
	at java.lang.Thread.run(Thread.java:745)

2014/06/17 06:08:30 ERROR - jmeter.protocol.http.sampler.AccessLogSampler: No log file specified 
2014/06/17 06:08:30 WARN  - jmeter.protocol.http.sampler.AccessLogSampler: Sampling failure org.apache.jorphan.util.JMeterException: No Parser available
	at org.apache.jmeter.protocol.http.sampler.AccessLogSampler.sampleWithParser(AccessLogSampler.java:132)
	at org.apache.jmeter.protocol.http.sampler.AccessLogSampler.sample(AccessLogSampler.java:182)
	at org.apache.jmeter.threads.JMeterThread.process_sampler(JMeterThread.java:346)
	at org.apache.jmeter.threads.JMeterThread.run(JMeterThread.java:243)
	at java.lang.Thread.run(Thread.java:745)

2014/06/17 06:08:30 INFO  - jmeter.threads.JMeterThread: Thread finished: Thread Group 1-2 
2014/06/17 06:08:30 INFO  - jmeter.engine.StandardJMeterEngine: Ending thread Thread Group 1-2 
2014/06/17 06:08:30 INFO  - jmeter.engine.StandardJMeterEngine: Stopping test 
2014/06/17 06:08:30 INFO  - jmeter.engine.StandardJMeterEngine: Notifying test listeners of end of test 
2014/06/17 06:08:30 INFO  - jmeter.gui.util.JMeterMenuBar: setRunning(false,*local*) 
2014/06/17 06:08:30 INFO  - jmeter.engine.StandardJMeterEngine: Test has ended 
2014/06/17 06:08:32 INFO  - jmeter.engine.StandardJMeterEngine: Running the test! 
2014/06/17 06:08:32 INFO  - jmeter.gui.util.JMeterMenuBar: setRunning(true,*local*) 
2014/06/17 06:08:32 INFO  - jmeter.engine.StandardJMeterEngine: Starting 2 threads for group Thread Group. Ramp up = 1. 
2014/06/17 06:08:32 INFO  - jmeter.engine.StandardJMeterEngine: Thread will continue on error 
2014/06/17 06:08:32 INFO  - jmeter.engine.StandardJMeterEngine: All threads have been started 
2014/06/17 06:08:32 INFO  - jmeter.threads.JMeterThread: Thread started: Thread Group 1-1 
2014/06/17 06:08:32 ERROR - jmeter.protocol.http.sampler.AccessLogSampler: No log file specified 
2014/06/17 06:08:32 WARN  - jmeter.protocol.http.sampler.AccessLogSampler: Sampling failure org.apache.jorphan.util.JMeterException: No Parser available
	at org.apache.jmeter.protocol.http.sampler.AccessLogSampler.sampleWithParser(AccessLogSampler.java:132)
	at org.apache.jmeter.protocol.http.sampler.AccessLogSampler.sample(AccessLogSampler.java:182)
	at org.apache.jmeter.threads.JMeterThread.process_sampler(JMeterThread.java:346)
	at org.apache.jmeter.threads.JMeterThread.run(JMeterThread.java:243)
	at java.lang.Thread.run(Thread.java:745)

2014/06/17 06:08:32 ERROR - jmeter.protocol.http.sampler.AccessLogSampler: No log file specified 
2014/06/17 06:08:32 WARN  - jmeter.protocol.http.sampler.AccessLogSampler: Sampling failure org.apache.jorphan.util.JMeterException: No Parser available
	at org.apache.jmeter.protocol.http.sampler.AccessLogSampler.sampleWithParser(AccessLogSampler.java:132)
	at org.apache.jmeter.protocol.http.sampler.AccessLogSampler.sample(AccessLogSampler.java:182)
	at org.apache.jmeter.threads.JMeterThread.process_sampler(JMeterThread.java:346)
	at org.apache.jmeter.threads.JMeterThread.run(JMeterThread.java:243)
	at java.lang.Thread.run(Thread.java:745)

2014/06/17 06:08:32 ERROR - jmeter.protocol.http.sampler.AccessLogSampler: No log file specified 
2014/06/17 06:08:32 WARN  - jmeter.protocol.http.sampler.AccessLogSampler: Sampling failure org.apache.jorphan.util.JMeterException: No Parser available
	at org.apache.jmeter.protocol.http.sampler.AccessLogSampler.sampleWithParser(AccessLogSampler.java:132)
	at org.apache.jmeter.protocol.http.sampler.AccessLogSampler.sample(AccessLogSampler.java:182)
	at org.apache.jmeter.threads.JMeterThread.process_sampler(JMeterThread.java:346)
	at org.apache.jmeter.threads.JMeterThread.run(JMeterThread.java:243)
	at java.lang.Thread.run(Thread.java:745)

2014/06/17 06:08:32 INFO  - jmeter.threads.JMeterThread: Thread finished: Thread Group 1-1 
2014/06/17 06:08:32 INFO  - jmeter.engine.StandardJMeterEngine: Ending thread Thread Group 1-1 
2014/06/17 06:08:33 INFO  - jmeter.threads.JMeterThread: Thread started: Thread Group 1-2 
2014/06/17 06:08:33 ERROR - jmeter.protocol.http.sampler.AccessLogSampler: No log file specified 
2014/06/17 06:08:33 WARN  - jmeter.protocol.http.sampler.AccessLogSampler: Sampling failure org.apache.jorphan.util.JMeterException: No Parser available
	at org.apache.jmeter.protocol.http.sampler.AccessLogSampler.sampleWithParser(AccessLogSampler.java:132)
	at org.apache.jmeter.protocol.http.sampler.AccessLogSampler.sample(AccessLogSampler.java:182)
	at org.apache.jmeter.threads.JMeterThread.process_sampler(JMeterThread.java:346)
	at org.apache.jmeter.threads.JMeterThread.run(JMeterThread.java:243)
	at java.lang.Thread.run(Thread.java:745)

2014/06/17 06:08:33 ERROR - jmeter.protocol.http.sampler.AccessLogSampler: No log file specified 
2014/06/17 06:08:33 WARN  - jmeter.protocol.http.sampler.AccessLogSampler: Sampling failure org.apache.jorphan.util.JMeterException: No Parser available
	at org.apache.jmeter.protocol.http.sampler.AccessLogSampler.sampleWithParser(AccessLogSampler.java:132)
	at org.apache.jmeter.protocol.http.sampler.AccessLogSampler.sample(AccessLogSampler.java:182)
	at org.apache.jmeter.threads.JMeterThread.process_sampler(JMeterThread.java:346)
	at org.apache.jmeter.threads.JMeterThread.run(JMeterThread.java:243)
	at java.lang.Thread.run(Thread.java:745)

2014/06/17 06:08:33 ERROR - jmeter.protocol.http.sampler.AccessLogSampler: No log file specified 
2014/06/17 06:08:33 WARN  - jmeter.protocol.http.sampler.AccessLogSampler: Sampling failure org.apache.jorphan.util.JMeterException: No Parser available
	at org.apache.jmeter.protocol.http.sampler.AccessLogSampler.sampleWithParser(AccessLogSampler.java:132)
	at org.apache.jmeter.protocol.http.sampler.AccessLogSampler.sample(AccessLogSampler.java:182)
	at org.apache.jmeter.threads.JMeterThread.process_sampler(JMeterThread.java:346)
	at org.apache.jmeter.threads.JMeterThread.run(JMeterThread.java:243)
	at java.lang.Thread.run(Thread.java:745)

2014/06/17 06:08:33 INFO  - jmeter.threads.JMeterThread: Thread finished: Thread Group 1-2 
2014/06/17 06:08:33 INFO  - jmeter.engine.StandardJMeterEngine: Ending thread Thread Group 1-2 
2014/06/17 06:08:33 INFO  - jmeter.engine.StandardJMeterEngine: Stopping test 
2014/06/17 06:08:33 INFO  - jmeter.engine.StandardJMeterEngine: Notifying test listeners of end of test 
2014/06/17 06:08:33 INFO  - jmeter.gui.util.JMeterMenuBar: setRunning(false,*local*) 
2014/06/17 06:08:33 INFO  - jmeter.engine.StandardJMeterEngine: Test has ended 
